c:\users\octav\desktop\cware-main\log\cinnamon\release\vc143.pdb
c:\users\octav\desktop\cware-main\log\cinnamon\release\misc.obj
c:\users\octav\desktop\cware-main\log\cinnamon\release\imgui.obj
c:\users\octav\desktop\cware-main\log\cinnamon\release\legitbot.obj
c:\users\octav\desktop\cware-main\log\cinnamon\release\crc32.obj
c:\users\octav\desktop\cware-main\log\cinnamon\release\utilities.obj
c:\users\octav\desktop\cware-main\log\cinnamon\release\imgui_draw.obj
c:\users\octav\desktop\cware-main\log\cinnamon\release\eventlistener.obj
c:\users\octav\desktop\cware-main\log\cinnamon\release\resolver.obj
c:\users\octav\desktop\cware-main\log\cinnamon\release\interfaces.obj
c:\users\octav\desktop\cware-main\log\cinnamon\release\ragebot.obj
c:\users\octav\desktop\cware-main\log\cinnamon\release\skinchanger.obj
c:\users\octav\desktop\cware-main\log\cinnamon\release\antiaim.obj
c:\users\octav\desktop\cware-main\log\cinnamon\release\netvar.obj
c:\users\octav\desktop\cware-main\log\cinnamon\release\triggerbot.obj
c:\users\octav\desktop\cware-main\log\cinnamon\release\autowall.obj
c:\users\octav\desktop\cware-main\log\cinnamon\release\keyvalues.obj
c:\users\octav\desktop\cware-main\log\cinnamon\release\prediction.obj
c:\users\octav\desktop\cware-main\log\cinnamon\release\lagcompensation.obj
c:\users\octav\desktop\cware-main\log\cinnamon\release\config.obj
c:\users\octav\desktop\cware-main\log\cinnamon\release\visuals.obj
c:\users\octav\desktop\cware-main\log\cinnamon\release\menu.obj
c:\users\octav\desktop\cware-main\log\cinnamon\release\core.obj
c:\users\octav\desktop\cware-main\log\cinnamon\release\imgui_impl_dx9.obj
c:\users\octav\desktop\cware-main\log\cinnamon\release\math.obj
c:\users\octav\desktop\cware-main\log\cinnamon\release\md5.obj
c:\users\octav\desktop\cware-main\log\cinnamon\release\draw.obj
c:\users\octav\desktop\cware-main\log\cinnamon\release\convar.obj
c:\users\octav\desktop\cware-main\log\cinnamon\release\imgui_impl_win32.obj
c:\users\octav\desktop\cware-main\log\cinnamon\release\memory.obj
c:\users\octav\desktop\cware-main\log\cinnamon\release\luaengine.obj
c:\users\octav\desktop\cware-main\log\cinnamon\release\imgui_freetype.obj
c:\users\octav\desktop\cware-main\log\cinnamon\release\entitylistener.obj
c:\users\octav\desktop\cware-main\log\cinnamon\release\hooks.obj
c:\users\octav\desktop\cware-main\log\cinnamon\release\imgui_stdlib.obj
c:\users\octav\desktop\cware-main\log\cinnamon\release\inputsystem.obj
c:\users\octav\desktop\cware-main\log\cinnamon\release\entity.obj
c:\users\octav\desktop\cware-main\log\cinnamon\release\weaponconfig.obj
c:\users\octav\desktop\cware-main\log\cinnamon\release\imgui_widgets.obj
c:\users\octav\desktop\cware-main\log\cinnamon\release\logging.obj
c:\users\octav\desktop\cware-main\log\cinnamon\release\engine.obj
c:\users\octav\desktop\cware-main\log\cinnamon\release\buffer.obj
c:\users\octav\desktop\cware-main\log\cinnamon\release\hde32.obj
c:\users\octav\desktop\cware-main\log\cinnamon\release\hook.obj
c:\users\octav\desktop\cware-main\log\cinnamon\release\trampoline.obj
c:\users\octav\desktop\cware-main\log\cinnamon\release\hde64.obj
c:\users\octav\desktop\cware-main\build\release\base.dll
c:\users\octav\desktop\cware-main\log\cinnamon\release\base.ipdb
c:\users\octav\desktop\cware-main\log\cinnamon\release\base.iobj
c:\users\octav\desktop\cware-main\build\release\base.pdb
c:\users\octav\desktop\cware-main\log\cinnamon\release\cinnamon.vcxproj.filelistabsolute.txt
c:\users\octav\desktop\cware-main\log\cinnamon\release\cinnamon.tlog\cl.command.1.tlog
c:\users\octav\desktop\cware-main\log\cinnamon\release\cinnamon.tlog\cl.read.1.tlog
c:\users\octav\desktop\cware-main\log\cinnamon\release\cinnamon.tlog\cl.write.1.tlog
c:\users\octav\desktop\cware-main\log\cinnamon\release\cinnamon.tlog\link.command.1.tlog
c:\users\octav\desktop\cware-main\log\cinnamon\release\cinnamon.tlog\link.read.1.tlog
c:\users\octav\desktop\cware-main\log\cinnamon\release\cinnamon.tlog\link.write.1.tlog
