c:\users\octav\desktop\cware-main\log\cinnamon\debug\vc143.pdb
c:\users\octav\desktop\cware-main\log\cinnamon\debug\menu.obj
c:\users\octav\desktop\cware-main\log\cinnamon\debug\imgui_draw.obj
c:\users\octav\desktop\cware-main\log\cinnamon\debug\eventlistener.obj
c:\users\octav\desktop\cware-main\log\cinnamon\debug\hooks.obj
c:\users\octav\desktop\cware-main\log\cinnamon\debug\entity.obj
c:\users\octav\desktop\cware-main\log\cinnamon\debug\interfaces.obj
c:\users\octav\desktop\cware-main\log\cinnamon\debug\imgui_stdlib.obj
c:\users\octav\desktop\cware-main\log\cinnamon\debug\inputsystem.obj
c:\users\octav\desktop\cware-main\log\cinnamon\debug\imgui_impl_win32.obj
c:\users\octav\desktop\cware-main\log\cinnamon\debug\math.obj
c:\users\octav\desktop\cware-main\log\cinnamon\debug\prediction.obj
c:\users\octav\desktop\cware-main\log\cinnamon\debug\netvar.obj
c:\users\octav\desktop\cware-main\log\cinnamon\debug\legitbot.obj
c:\users\octav\desktop\cware-main\log\cinnamon\debug\autowall.obj
c:\users\octav\desktop\cware-main\log\cinnamon\debug\keyvalues.obj
c:\users\octav\desktop\cware-main\log\cinnamon\debug\misc.obj
c:\users\octav\desktop\cware-main\log\cinnamon\debug\triggerbot.obj
c:\users\octav\desktop\cware-main\log\cinnamon\debug\imgui.obj
c:\users\octav\desktop\cware-main\log\cinnamon\debug\md5.obj
c:\users\octav\desktop\cware-main\log\cinnamon\debug\draw.obj
c:\users\octav\desktop\cware-main\log\cinnamon\debug\antiaim.obj
c:\users\octav\desktop\cware-main\log\cinnamon\debug\skinchanger.obj
c:\users\octav\desktop\cware-main\log\cinnamon\debug\config.obj
c:\users\octav\desktop\cware-main\log\cinnamon\debug\lagcompensation.obj
c:\users\octav\desktop\cware-main\log\cinnamon\debug\crc32.obj
c:\users\octav\desktop\cware-main\log\cinnamon\debug\utilities.obj
c:\users\octav\desktop\cware-main\log\cinnamon\debug\imgui_impl_dx9.obj
c:\users\octav\desktop\cware-main\log\cinnamon\debug\logging.obj
c:\users\octav\desktop\cware-main\log\cinnamon\debug\imgui_widgets.obj
c:\users\octav\desktop\cware-main\log\cinnamon\debug\memory.obj
c:\users\octav\desktop\cware-main\log\cinnamon\debug\weaponconfig.obj
c:\users\octav\desktop\cware-main\log\cinnamon\debug\ragebot.obj
c:\users\octav\desktop\cware-main\log\cinnamon\debug\engine.obj
c:\users\octav\desktop\cware-main\log\cinnamon\debug\convar.obj
c:\users\octav\desktop\cware-main\log\cinnamon\debug\imgui_freetype.obj
c:\users\octav\desktop\cware-main\log\cinnamon\debug\entitylistener.obj
c:\users\octav\desktop\cware-main\log\cinnamon\debug\core.obj
c:\users\octav\desktop\cware-main\log\cinnamon\debug\luaengine.obj
c:\users\octav\desktop\cware-main\log\cinnamon\debug\visuals.obj
c:\users\octav\desktop\cware-main\log\cinnamon\debug\resolver.obj
c:\users\octav\desktop\cware-main\log\cinnamon\debug\hde32.obj
c:\users\octav\desktop\cware-main\log\cinnamon\debug\hook.obj
c:\users\octav\desktop\cware-main\log\cinnamon\debug\buffer.obj
c:\users\octav\desktop\cware-main\log\cinnamon\debug\trampoline.obj
c:\users\octav\desktop\cware-main\log\cinnamon\debug\hde64.obj
c:\users\octav\desktop\cware-main\log\cinnamon\debug\base.ilk
c:\users\octav\desktop\cware-main\build\debug\base.pdb
c:\users\octav\desktop\cware-main\build\debug\base.dll
c:\users\octav\desktop\cware-main\log\cinnamon\debug\cinnamon.vcxproj.filelistabsolute.txt
c:\users\octav\desktop\cware-main\log\cinnamon\debug\cinnamon.tlog\cl.command.1.tlog
c:\users\octav\desktop\cware-main\log\cinnamon\debug\cinnamon.tlog\cl.read.1.tlog
c:\users\octav\desktop\cware-main\log\cinnamon\debug\cinnamon.tlog\cl.write.1.tlog
c:\users\octav\desktop\cware-main\log\cinnamon\debug\cinnamon.tlog\link.command.1.tlog
c:\users\octav\desktop\cware-main\log\cinnamon\debug\cinnamon.tlog\link.read.1.tlog
c:\users\octav\desktop\cware-main\log\cinnamon\debug\cinnamon.tlog\link.write.1.tlog
